Debug: Optional comma missing on line 191
Error: Broken Pipe: line 524
Alert: Broken Pipe: line 815
Debug: Optional comma missing on line 862
In line 883 of fortran.php, found Critical: Missing semicolon
Alert: Optional comma missing on line 522
Critical: Optional comma missing on line 320
Alert: Broken Pipe: line 83
Debug: File syntax error, unexpected End of File
Info: Optional comma missing on line 456
Notice: Unknown hostname
Warn: File syntax error, unexpected End of File
Info: Optional comma missing on line 840
Emergency: Operation not permitted
Debug: File syntax error, unexpected End of File
Debug: File syntax error, unexpected End of File
Alert: Broken Pipe: line 929
Emergency: Broken Pipe: line 707
Error: Incorrect username or password
Critical: Optional comma missing on line 708
Debug: Unknown hostname
Debug: Broken Pipe: line 257
In line 429 of cobol.c, found Emergency: Missing semicolon
Warn: Operation not permitted
Error: File syntax error, unexpected End of File
Notice: Broken Pipe: line 354
Emergency: Broken Pipe: line 925
Critical: Operation not permitted
Critical: Unknown hostname
In line 636 of cobol.c, found Info: Missing semicolon
Debug: File syntax error, unexpected End of File
Critical: File syntax error, unexpected End of File
Error: 509 Bandwidth Limit Exceeded 
Info: File syntax error, unexpected End of File
Emergency: File syntax error, unexpected End of File
Fatal: Broken Pipe: line 272
Emergency: Broken Pipe: line 114
Error: Incorrect username or password
Warn: Unknown hostname
Info: File syntax error, unexpected End of File
Warn: Unknown hostname
Emergency: Operation not permitted
Error: Unknown hostname
Critical: Optional comma missing on line 805
Info: Unknown hostname
Alert: Unknown hostname
Error: File syntax error, unexpected End of File
Fatal: Unknown hostname
Error: Unknown hostname
Info: Operation not permitted
In line 123 of ruby.pl, found Fatal: Missing semicolon
Error: Incorrect username or password
Alert: Unknown hostname
Error: Incorrect username or password
In line 297 of ruby.pl, found Warn: Missing semicolon
Emergency: File syntax error, unexpected End of File
Debug: Optional comma missing on line 441
In line 116 of cobol.c, found Alert: Missing semicolon
Warn: File syntax error, unexpected End of File
Error: Unknown hostname
Fatal: File syntax error, unexpected End of File
Debug: Operation not permitted
Error: Incorrect username or password
Alert: File syntax error, unexpected End of File
Emergency: File syntax error, unexpected End of File
In line 731 of ruby.pl, found Debug: Missing semicolon
Critical: File syntax error, unexpected End of File
Error: File syntax error, unexpected End of File
In line 367 of fortran.php, found Emergency: Missing semicolon
Error: Incorrect username or password
Critical: Operation not permitted
Emergency: Operation not permitted
In line 102 of cobol.c, found Fatal: Missing semicolon
Debug: Operation not permitted
Critical: Optional comma missing on line 133
Emergency: Broken Pipe: line 222
Alert: Optional comma missing on line 971
Warn: Broken Pipe: line 980
Error: Incorrect username or password
In line 800 of cobol.c, found Info: Missing semicolon
Error: Incorrect username or password
Info: Broken Pipe: line 212
Notice: Operation not permitted
In line 291 of fortran.php, found Warn: Missing semicolon
Critical: File syntax error, unexpected End of File
In line 296 of cobol.c, found Notice: Missing semicolon
In line 893 of cobol.c, found Critical: Missing semicolon
Emergency: Operation not permitted
Emergency: File syntax error, unexpected End of File
Error: Incorrect username or password
In line 462 of ruby.pl, found Info: Missing semicolon
In line 614 of fortran.php, found Info: Missing semicolon
Error: Incorrect username or password
Error: Optional comma missing on line 874
Error: File syntax error, unexpected End of File
Warn: File syntax error, unexpected End of File
Emergency: Broken Pipe: line 757
Info: Broken Pipe: line 946
Debug: File syntax error, unexpected End of File
Error: Incorrect username or password
Fatal: Unknown hostname
Fatal: File syntax error, unexpected End of File
Warn: File syntax error, unexpected End of File
Warn: Optional comma missing on line 137
Error: Incorrect username or password
Alert: Operation not permitted
Error: Unknown hostname
Notice: Unknown hostname
Info: Operation not permitted
Debug: File syntax error, unexpected End of File
Fatal: Unknown hostname
Fatal: Unknown hostname
Fatal: Unknown hostname
Error: Incorrect username or password
Fatal: Optional comma missing on line 687
In line 404 of ruby.pl, found Error: Missing semicolon
Warn: Operation not permitted
Emergency: Unknown hostname
Debug: Operation not permitted
Critical: Broken Pipe: line 425
Error: Incorrect username or password
Error: Incorrect username or password
Error: Incorrect username or password
Error: Incorrect username or password
Alert: Unknown hostname
In line 547 of fortran.php, found Alert: Missing semicolon
Warn: Unknown hostname
Fatal: Broken Pipe: line 903
Notice: File syntax error, unexpected End of File
Warn: Operation not permitted
Info: Operation not permitted
Fatal: Broken Pipe: line 160
Error: Incorrect username or password
Fatal: Broken Pipe: line 973
In line 726 of ruby.pl, found Error: Missing semicolon
Info: Broken Pipe: line 309
In line 954 of cobol.c, found Warn: Missing semicolon
Critical: Operation not permitted
Emergency: Operation not permitted
Critical: Unknown hostname
Warn: Broken Pipe: line 709
Error: Optional comma missing on line 586
Error: Incorrect username or password
Warn: File syntax error, unexpected End of File
Critical: Broken Pipe: line 542
In line 1 of cobol.c, found Alert: Missing semicolon
Error: Operation not permitted
In line 449 of ruby.pl, found Debug: Missing semicolon
Warn: Optional comma missing on line 376
Error: Unknown hostname
Info: Optional comma missing on line 246
Warn: Optional comma missing on line 862
Debug: File syntax error, unexpected End of File
Notice: Broken Pipe: line 281
Emergency: Broken Pipe: line 692
Debug: Broken Pipe: line 311
Notice: Unknown hostname
In line 88 of ruby.pl, found Fatal: Missing semicolon
Debug: Unknown hostname
Error: Incorrect username or password
Warn: Unknown hostname
Info: Broken Pipe: line 940
In line 526 of cobol.c, found Emergency: Missing semicolon
Error: Incorrect username or password
In line 620 of fortran.php, found Alert: Missing semicolon
Debug: Optional comma missing on line 584
Alert: Optional comma missing on line 165
In line 432 of cobol.c, found Alert: Missing semicolon
In line 964 of fortran.php, found Warn: Missing semicolon
Error: Incorrect username or password
Info: Optional comma missing on line 228
Warn: File syntax error, unexpected End of File
In line 545 of cobol.c, found Fatal: Missing semicolon
Critical: Operation not permitted
Warn: Operation not permitted
Debug: Unknown hostname
Emergency: File syntax error, unexpected End of File
Fatal: File syntax error, unexpected End of File
Warn: Broken Pipe: line 671
Warn: Operation not permitted
In line 449 of cobol.c, found Error: Missing semicolon
Fatal: Unknown hostname
Warn: Broken Pipe: line 228
Critical: Unknown hostname
Info: File syntax error, unexpected End of File
Debug: File syntax error, unexpected End of File
Warn: File syntax error, unexpected End of File
Notice: Optional comma missing on line 826
Error: Broken Pipe: line 915
Error: Incorrect username or password
Error: Incorrect username or password
Fatal: Unknown hostname
In line 562 of fortran.php, found Notice: Missing semicolon
Notice: Operation not permitted
In line 819 of fortran.php, found Emergency: Missing semicolon
Emergency: File syntax error, unexpected End of File
Emergency: Broken Pipe: line 497
Info: Optional comma missing on line 954
In line 630 of fortran.php, found Critical: Missing semicolon
Fatal: File syntax error, unexpected End of File
Alert: File syntax error, unexpected End of File
